<?xml version="1.0" encoding="UTF-8"?>
<testng-results skipped="0" failed="0" ignored="0" total="1" passed="1">
  <reporter-output>
  </reporter-output>
  <suite name="magento_Test.Test_MA006_Magneto_Parters" duration-ms="186545" started-at="2020-09-30T06:31:00Z" finished-at="2020-09-30T06:34:07Z">
    <groups>
    </groups>
    <test name="Command line test" duration-ms="186545" started-at="2020-09-30T06:31:00Z" finished-at="2020-09-30T06:34:07Z">
      <class name="magento_Test.Test_MA006_Magneto_Parters">
        <test-method status="PASS" signature="setup()[pri:0, instance:magento_Test.Test_MA006_Magneto_Parters@1a407d53]" name="setup" is-config="true" duration-ms="136076" started-at="2020-09-30T12:01:00Z" finished-at="2020-09-30T12:03:16Z">
          <reporter-output>
          </reporter-output>
        </test-method> <!-- setup -->
        <test-method status="PASS" signature="choosePartnerTest()[pri:0, instance:magento_Test.Test_MA006_Magneto_Parters@1a407d53]" name="choosePartnerTest" duration-ms="47939" started-at="2020-09-30T12:03:16Z" finished-at="2020-09-30T12:04:04Z">
          <reporter-output>
          </reporter-output>
        </test-method> <!-- choosePartnerTest -->
        <test-method status="PASS" signature="teardown()[pri:0, instance:magento_Test.Test_MA006_Magneto_Parters@1a407d53]" name="teardown" is-config="true" duration-ms="2460" started-at="2020-09-30T12:04:04Z" finished-at="2020-09-30T12:04:07Z">
          <reporter-output>
          </reporter-output>
        </test-method> <!-- teardown -->
      </class> <!-- magento_Test.Test_MA006_Magneto_Parters -->
    </test> <!-- Command line test -->
  </suite> <!-- magento_Test.Test_MA006_Magneto_Parters -->
</testng-results>
